2025-05-14 22:03:27,304 db.py:48 [INFO] DB: Loaded file successfully
2025-05-14 22:03:27,304 main.py:61 [INFO] 
==================================================
	Starting DPCN
==================================================


2025-05-14 22:03:27,315 file_requests_servicer.py:57 [INFO] Starting forever listen to file requests
2025-05-14 22:03:27,315 file_requests_servicer.py:108 [INFO] Starting forever send request responses
2025-05-14 22:04:07,384 file_requests_servicer.py:72 [INFO] Found 2 users requesting files
2025-05-14 22:04:07,395 file_requests_servicer.py:81 [INFO] User "0x70997970C51812dc3A010C7d01b50e0d17dc79C8" requested 50 file credential/s
2025-05-14 22:04:47,000 file_requests_servicer.py:112 [INFO] User "0x70997970C51812dc3A010C7d01b50e0d17dc79C8" | id: 62023636355577203021621874661809984767071794896297620953743400886755655657229: sending request response
2025-05-14 22:04:47,000 file_requests_servicer.py:112 [INFO] User "0x70997970C51812dc3A010C7d01b50e0d17dc79C8" | id: 13786060684565848555334104753879137355815182281494703180305308140768398763743: sending request response
2025-05-14 22:04:47,000 file_requests_servicer.py:112 [INFO] User "0x70997970C51812dc3A010C7d01b50e0d17dc79C8" | id: 20809724905436089823299967886955240412496249749855991721155624448011644010230: sending request response
2025-05-14 22:04:47,000 file_requests_servicer.py:112 [INFO] User "0x70997970C51812dc3A010C7d01b50e0d17dc79C8" | id: 104486360927931316395859471887229063253635695249124326154479991695237021217144: sending request response
2025-05-14 22:04:47,000 file_requests_servicer.py:112 [INFO] User "0x70997970C51812dc3A010C7d01b50e0d17dc79C8" | id: 43868906683779703661330794981268821633989378745488926877685993049275400426818: sending request response
2025-05-14 22:04:47,000 file_requests_servicer.py:112 [INFO] User "0x70997970C51812dc3A010C7d01b50e0d17dc79C8" | id: 96686090915511440544962361449662213601396749851589125890365200831356630974630: sending request response
2025-05-14 22:04:47,000 file_requests_servicer.py:112 [INFO] User "0x70997970C51812dc3A010C7d01b50e0d17dc79C8" | id: 10829550513042214039191831852767998317851737064641289369175586959363948698726: sending request response
2025-05-14 22:04:47,000 file_requests_servicer.py:112 [INFO] User "0x70997970C51812dc3A010C7d01b50e0d17dc79C8" | id: 42084549868826412060971057232420186434991116852833324623129889775802127463709: sending request response
2025-05-14 22:04:47,000 file_requests_servicer.py:112 [INFO] User "0x70997970C51812dc3A010C7d01b50e0d17dc79C8" | id: 79833037923359347256829388635628630570264187927307648521847094007258289082433: sending request response
2025-05-14 22:04:47,000 file_requests_servicer.py:112 [INFO] User "0x70997970C51812dc3A010C7d01b50e0d17dc79C8" | id: 76512259199521530399110232290555010575516806143058318147169299710839724406916: sending request response
2025-05-14 22:04:47,000 file_requests_servicer.py:112 [INFO] User "0x70997970C51812dc3A010C7d01b50e0d17dc79C8" | id: 55220169500019576318453435324781587561496609667829175688684094164566751829416: sending request response
2025-05-14 22:04:47,000 file_requests_servicer.py:112 [INFO] User "0x70997970C51812dc3A010C7d01b50e0d17dc79C8" | id: 5852149019870209413065689562777426043628275724183124429194366362197908141029: sending request response
2025-05-14 22:04:47,000 file_requests_servicer.py:112 [INFO] User "0x70997970C51812dc3A010C7d01b50e0d17dc79C8" | id: 18209304460775954535976724332804119393396930438544006115319890280525038574326: sending request response
2025-05-14 22:04:47,000 file_requests_servicer.py:112 [INFO] User "0x70997970C51812dc3A010C7d01b50e0d17dc79C8" | id: 35422638846571568503797456477782848242568704204004947267705749952889784443378: sending request response
2025-05-14 22:04:47,000 file_requests_servicer.py:112 [INFO] User "0x70997970C51812dc3A010C7d01b50e0d17dc79C8" | id: 40785245166463404235632433093899971123159864414901333489382716184914875859612: sending request response
2025-05-14 22:04:47,000 file_requests_servicer.py:112 [INFO] User "0x70997970C51812dc3A010C7d01b50e0d17dc79C8" | id: 10383202174963118975892694461943041799327194079294432365921892827142261832576: sending request response
2025-05-14 22:04:47,000 file_requests_servicer.py:112 [INFO] User "0x70997970C51812dc3A010C7d01b50e0d17dc79C8" | id: 82850970646480404886114030112834111974617938645998881427674163423710754971195: sending request response
2025-05-14 22:04:47,001 file_requests_servicer.py:112 [INFO] User "0x70997970C51812dc3A010C7d01b50e0d17dc79C8" | id: 2918795016409187438026213631301222962770405564133860219880663978092661490787: sending request response
2025-05-14 22:04:47,001 file_requests_servicer.py:112 [INFO] User "0x70997970C51812dc3A010C7d01b50e0d17dc79C8" | id: 104396988712392797935937864574530495101920734510789059385425827249898190151435: sending request response
2025-05-14 22:04:47,001 file_requests_servicer.py:112 [INFO] User "0x70997970C51812dc3A010C7d01b50e0d17dc79C8" | id: 19279212409920333675659849198855338319533349635922999707716138895829364042979: sending request response
2025-05-14 22:04:47,001 file_requests_servicer.py:112 [INFO] User "0x70997970C51812dc3A010C7d01b50e0d17dc79C8" | id: 78257076387776388646130731543429339800131008809343906917482322081400335624666: sending request response
2025-05-14 22:04:47,001 file_requests_servicer.py:112 [INFO] User "0x70997970C51812dc3A010C7d01b50e0d17dc79C8" | id: 48111888029550416128339194611657362234676344107520609091865996001242993087622: sending request response
2025-05-14 22:04:47,001 file_requests_servicer.py:112 [INFO] User "0x70997970C51812dc3A010C7d01b50e0d17dc79C8" | id: 91887705969173496885357309288536821837192045478733517871141962095175664376970: sending request response
2025-05-14 22:04:47,001 file_requests_servicer.py:112 [INFO] User "0x70997970C51812dc3A010C7d01b50e0d17dc79C8" | id: 108729980248401751791357053621981836939707294984526549691461493967996112618958: sending request response
2025-05-14 22:04:47,001 file_requests_servicer.py:112 [INFO] User "0x70997970C51812dc3A010C7d01b50e0d17dc79C8" | id: 93254540950411143346663623697323153623338016312634223887660992213970995535852: sending request response
2025-05-14 22:04:47,001 file_requests_servicer.py:112 [INFO] User "0x70997970C51812dc3A010C7d01b50e0d17dc79C8" | id: 103041585556554427839093550509493588678494282033083762719799831264556105022272: sending request response
2025-05-14 22:04:47,001 file_requests_servicer.py:112 [INFO] User "0x70997970C51812dc3A010C7d01b50e0d17dc79C8" | id: 46830113071102473705759802142420476759704653113635696992185400831606643342939: sending request response
2025-05-14 22:04:47,001 file_requests_servicer.py:112 [INFO] User "0x70997970C51812dc3A010C7d01b50e0d17dc79C8" | id: 4770043513782091559055696265967328619507257275078369037972489602912757099869: sending request response
2025-05-14 22:04:47,001 file_requests_servicer.py:112 [INFO] User "0x70997970C51812dc3A010C7d01b50e0d17dc79C8" | id: 69742796077167590723757586098898758593827658360492962727684410579452635016481: sending request response
2025-05-14 22:04:47,001 file_requests_servicer.py:112 [INFO] User "0x70997970C51812dc3A010C7d01b50e0d17dc79C8" | id: 28146018792093648977511578948909145183067797551317020930573695627628736465411: sending request response
2025-05-14 22:04:47,001 file_requests_servicer.py:112 [INFO] User "0x70997970C51812dc3A010C7d01b50e0d17dc79C8" | id: 73083011349370775851612897020205228832300042874761804887985602515523897921808: sending request response
2025-05-14 22:04:47,001 file_requests_servicer.py:112 [INFO] User "0x70997970C51812dc3A010C7d01b50e0d17dc79C8" | id: 6326908063876528076159388361599045576058363043696741451363754198791182119345: sending request response
2025-05-14 22:04:47,001 file_requests_servicer.py:112 [INFO] User "0x70997970C51812dc3A010C7d01b50e0d17dc79C8" | id: 98280284331652110139089439079149049398141515427726998962516144341438675546033: sending request response
2025-05-14 22:04:47,001 file_requests_servicer.py:112 [INFO] User "0x70997970C51812dc3A010C7d01b50e0d17dc79C8" | id: 42465177237860569180031492651930010520378199111088317131991542352686916834227: sending request response
2025-05-14 22:04:47,001 file_requests_servicer.py:112 [INFO] User "0x70997970C51812dc3A010C7d01b50e0d17dc79C8" | id: 63818441239406162238249380539401936092862499700806498369603462322664323849871: sending request response
2025-05-14 22:04:47,001 file_requests_servicer.py:112 [INFO] User "0x70997970C51812dc3A010C7d01b50e0d17dc79C8" | id: 70123032858587000969774145049566373275386351465586865054299738455359959824774: sending request response
2025-05-14 22:04:47,001 file_requests_servicer.py:112 [INFO] User "0x70997970C51812dc3A010C7d01b50e0d17dc79C8" | id: 56566567913687214719201028743110642628263703297062490421127305215856023687956: sending request response
2025-05-14 22:04:47,001 file_requests_servicer.py:112 [INFO] User "0x70997970C51812dc3A010C7d01b50e0d17dc79C8" | id: 41757380294933765013897511267911011968539003235625262430880810580969564643442: sending request response
2025-05-14 22:04:47,001 file_requests_servicer.py:112 [INFO] User "0x70997970C51812dc3A010C7d01b50e0d17dc79C8" | id: 79681665103670570679724013685611715930975743688042002483542797785705351829990: sending request response
2025-05-14 22:04:47,001 file_requests_servicer.py:112 [INFO] User "0x70997970C51812dc3A010C7d01b50e0d17dc79C8" | id: 20095109931491453673656151887278800352572870290896543694405151517303093864118: sending request response
2025-05-14 22:04:47,001 file_requests_servicer.py:112 [INFO] User "0x70997970C51812dc3A010C7d01b50e0d17dc79C8" | id: 45834879651902333685061086456298458810263762051690393809731572301121631416243: sending request response
2025-05-14 22:04:47,001 file_requests_servicer.py:112 [INFO] User "0x70997970C51812dc3A010C7d01b50e0d17dc79C8" | id: 40729727920602604348572580910419113192036567123486512609569453602254887094355: sending request response
2025-05-14 22:04:47,001 file_requests_servicer.py:112 [INFO] User "0x70997970C51812dc3A010C7d01b50e0d17dc79C8" | id: 110276792246508322282567311579525211739389861151986219693006361696908764860280: sending request response
2025-05-14 22:04:47,001 file_requests_servicer.py:112 [INFO] User "0x70997970C51812dc3A010C7d01b50e0d17dc79C8" | id: 17369269278302381400485143492622488381344735643244495371896324495343800494431: sending request response
2025-05-14 22:04:47,001 file_requests_servicer.py:112 [INFO] User "0x70997970C51812dc3A010C7d01b50e0d17dc79C8" | id: 14879636639170451688834081610919442601591780523864459371981691628291958367961: sending request response
2025-05-14 22:04:47,001 file_requests_servicer.py:112 [INFO] User "0x70997970C51812dc3A010C7d01b50e0d17dc79C8" | id: 89345265094378062372572792851871243987263680715846014061441878435436160419145: sending request response
2025-05-14 22:04:47,001 file_requests_servicer.py:112 [INFO] User "0x70997970C51812dc3A010C7d01b50e0d17dc79C8" | id: 14636670666050797200600454716777376404485577999719027391106661430714272244068: sending request response
2025-05-14 22:04:47,001 file_requests_servicer.py:112 [INFO] User "0x70997970C51812dc3A010C7d01b50e0d17dc79C8" | id: 7387718769709067619031762833112638037049615612599761672656029477566561196162: sending request response
2025-05-14 22:04:47,001 file_requests_servicer.py:112 [INFO] User "0x70997970C51812dc3A010C7d01b50e0d17dc79C8" | id: 34071395904175507857833180217414921624386164703465869709860613761967895715985: sending request response
2025-05-14 22:04:47,001 file_requests_servicer.py:112 [INFO] User "0x70997970C51812dc3A010C7d01b50e0d17dc79C8" | id: 79289544156618956467298626042990244768280553092572194693748980519220558057433: sending request response
2025-05-14 22:04:47,142 file_requests_servicer.py:81 [INFO] User "0x3C44CdDdB6a900fa2b585dd299e03d12FA4293BC" requested 50 file credential/s
2025-05-14 22:05:29,475 file_requests_servicer.py:112 [INFO] User "0x3C44CdDdB6a900fa2b585dd299e03d12FA4293BC" | id: 32246771760875459931719235806460576261265694900757203301412325301546613265904: sending request response
2025-05-14 22:05:29,476 file_requests_servicer.py:112 [INFO] User "0x3C44CdDdB6a900fa2b585dd299e03d12FA4293BC" | id: 41919277024963043960346248857637913029686660364164803745535625038564178630904: sending request response
2025-05-14 22:05:29,476 file_requests_servicer.py:112 [INFO] User "0x3C44CdDdB6a900fa2b585dd299e03d12FA4293BC" | id: 70055585768202085474481762876516932337267353599258314203149108253433315925991: sending request response
2025-05-14 22:05:29,476 file_requests_servicer.py:112 [INFO] User "0x3C44CdDdB6a900fa2b585dd299e03d12FA4293BC" | id: 94489249153307627503793680833109102107767368610790205828086166012584430886532: sending request response
2025-05-14 22:05:29,476 file_requests_servicer.py:112 [INFO] User "0x3C44CdDdB6a900fa2b585dd299e03d12FA4293BC" | id: 42142119675332739780725507931778085945633595724168093605848787492191553219698: sending request response
2025-05-14 22:05:29,476 file_requests_servicer.py:112 [INFO] User "0x3C44CdDdB6a900fa2b585dd299e03d12FA4293BC" | id: 39492979918325794180124829089099210310208930450483571922961506094411330789702: sending request response
2025-05-14 22:05:29,476 file_requests_servicer.py:112 [INFO] User "0x3C44CdDdB6a900fa2b585dd299e03d12FA4293BC" | id: 30124622451488639679232865160918651094741080879579499803483155140251180866942: sending request response
2025-05-14 22:05:29,476 file_requests_servicer.py:112 [INFO] User "0x3C44CdDdB6a900fa2b585dd299e03d12FA4293BC" | id: 113852797556064101058046494399821313355941616231601394133514846849582743025500: sending request response
2025-05-14 22:05:29,476 file_requests_servicer.py:112 [INFO] User "0x3C44CdDdB6a900fa2b585dd299e03d12FA4293BC" | id: 70939553773279306384986019562216902272553966630619312533020437718660848787447: sending request response
2025-05-14 22:05:29,476 file_requests_servicer.py:112 [INFO] User "0x3C44CdDdB6a900fa2b585dd299e03d12FA4293BC" | id: 88790318368835899388004697156114558528381237959223143180135087716934336262749: sending request response
2025-05-14 22:05:29,476 file_requests_servicer.py:112 [INFO] User "0x3C44CdDdB6a900fa2b585dd299e03d12FA4293BC" | id: 72518004780837484883873770823725051488328789931024627514598057835577972375316: sending request response
2025-05-14 22:05:29,476 file_requests_servicer.py:112 [INFO] User "0x3C44CdDdB6a900fa2b585dd299e03d12FA4293BC" | id: 31413720769999744871188016701350892400279092707361912578546178616508593129438: sending request response
2025-05-14 22:05:29,476 file_requests_servicer.py:112 [INFO] User "0x3C44CdDdB6a900fa2b585dd299e03d12FA4293BC" | id: 49542947678761719117261967728563701687408493923131167057583376217867268123994: sending request response
2025-05-14 22:05:29,476 file_requests_servicer.py:112 [INFO] User "0x3C44CdDdB6a900fa2b585dd299e03d12FA4293BC" | id: 67447301291090175728683717553869170718584555260518846948030594517541474502897: sending request response
2025-05-14 22:05:29,476 file_requests_servicer.py:112 [INFO] User "0x3C44CdDdB6a900fa2b585dd299e03d12FA4293BC" | id: 35064579833350072359398846735433543654601517987653316348540097286303881426407: sending request response
2025-05-14 22:05:29,476 file_requests_servicer.py:112 [INFO] User "0x3C44CdDdB6a900fa2b585dd299e03d12FA4293BC" | id: 8293984945782057920911908723474320925360495507450799750335095959331940328690: sending request response
2025-05-14 22:05:29,476 file_requests_servicer.py:112 [INFO] User "0x3C44CdDdB6a900fa2b585dd299e03d12FA4293BC" | id: 111942948265010604296798979784311125863050755905533140319098726835236122210946: sending request response
2025-05-14 22:05:29,476 file_requests_servicer.py:112 [INFO] User "0x3C44CdDdB6a900fa2b585dd299e03d12FA4293BC" | id: 57267415199379656985703432583139537279183409928226134685980975875554638665177: sending request response
2025-05-14 22:05:29,476 file_requests_servicer.py:112 [INFO] User "0x3C44CdDdB6a900fa2b585dd299e03d12FA4293BC" | id: 97122071542206753999862142597014511868403431440358641531824819552686476905448: sending request response
2025-05-14 22:05:29,476 file_requests_servicer.py:112 [INFO] User "0x3C44CdDdB6a900fa2b585dd299e03d12FA4293BC" | id: 19896803978270350274327034833164732355584878435398205610272320992229157495427: sending request response
2025-05-14 22:05:29,476 file_requests_servicer.py:112 [INFO] User "0x3C44CdDdB6a900fa2b585dd299e03d12FA4293BC" | id: 99410681440266025033437085359532484373750002111712404590986093107915768104713: sending request response
2025-05-14 22:05:29,476 file_requests_servicer.py:112 [INFO] User "0x3C44CdDdB6a900fa2b585dd299e03d12FA4293BC" | id: 81085671429366363940759714277341806535952632313632819742129719267345441129506: sending request response
2025-05-14 22:05:29,476 file_requests_servicer.py:112 [INFO] User "0x3C44CdDdB6a900fa2b585dd299e03d12FA4293BC" | id: 13730865318249643836150102016067848254570391722427715194717478329512967934003: sending request response
2025-05-14 22:05:29,476 file_requests_servicer.py:112 [INFO] User "0x3C44CdDdB6a900fa2b585dd299e03d12FA4293BC" | id: 113961141495793095565833347226977929519568578235803317532259451015376629607525: sending request response
2025-05-14 22:05:29,476 file_requests_servicer.py:112 [INFO] User "0x3C44CdDdB6a900fa2b585dd299e03d12FA4293BC" | id: 36666057841898098251992822914806056307517958850153252716938819611855915541769: sending request response
2025-05-14 22:05:29,476 file_requests_servicer.py:112 [INFO] User "0x3C44CdDdB6a900fa2b585dd299e03d12FA4293BC" | id: 113031172885058964868637214612468554105612392633469178857533580822771586236637: sending request response
2025-05-14 22:05:29,477 file_requests_servicer.py:112 [INFO] User "0x3C44CdDdB6a900fa2b585dd299e03d12FA4293BC" | id: 100952023656370428232292024738862205190445850220908196384499739499405588898304: sending request response
2025-05-14 22:05:29,477 file_requests_servicer.py:112 [INFO] User "0x3C44CdDdB6a900fa2b585dd299e03d12FA4293BC" | id: 45826275359256048847339410638153858820794952976150055192682012970971521441223: sending request response
2025-05-14 22:05:29,477 file_requests_servicer.py:112 [INFO] User "0x3C44CdDdB6a900fa2b585dd299e03d12FA4293BC" | id: 80544270675406390848205769782856069088933516674086347169381688333949223492095: sending request response
2025-05-14 22:05:29,477 file_requests_servicer.py:112 [INFO] User "0x3C44CdDdB6a900fa2b585dd299e03d12FA4293BC" | id: 37801925643679123664531671230593879782102192591334050336572500671086809186888: sending request response
2025-05-14 22:05:29,477 file_requests_servicer.py:112 [INFO] User "0x3C44CdDdB6a900fa2b585dd299e03d12FA4293BC" | id: 31888483007572480593537722377963497326949767362845820375185667956654310288902: sending request response
2025-05-14 22:05:29,477 file_requests_servicer.py:112 [INFO] User "0x3C44CdDdB6a900fa2b585dd299e03d12FA4293BC" | id: 99707701241524986694927100116371429724243971008363707274328456128956092985995: sending request response
2025-05-14 22:05:29,477 file_requests_servicer.py:112 [INFO] User "0x3C44CdDdB6a900fa2b585dd299e03d12FA4293BC" | id: 95171278942230896604677900251265954825388798786270596753071067032865981103515: sending request response
2025-05-14 22:05:29,477 file_requests_servicer.py:112 [INFO] User "0x3C44CdDdB6a900fa2b585dd299e03d12FA4293BC" | id: 81580090627843630255985016702358040217105211468612028165608798237059642751514: sending request response
2025-05-14 22:05:29,477 file_requests_servicer.py:112 [INFO] User "0x3C44CdDdB6a900fa2b585dd299e03d12FA4293BC" | id: 18136200592752486468196136609705613394509170932126392454349855494080100847605: sending request response
2025-05-14 22:05:29,477 file_requests_servicer.py:112 [INFO] User "0x3C44CdDdB6a900fa2b585dd299e03d12FA4293BC" | id: 94471658503920589850666966454399023897345433440579041868495934671399511520554: sending request response
2025-05-14 22:05:29,477 file_requests_servicer.py:112 [INFO] User "0x3C44CdDdB6a900fa2b585dd299e03d12FA4293BC" | id: 20255515217459094409376845691127414140434853597607458345061888996460341020394: sending request response
2025-05-14 22:05:29,477 file_requests_servicer.py:112 [INFO] User "0x3C44CdDdB6a900fa2b585dd299e03d12FA4293BC" | id: 2658455199677054048925036164563921373928833670338446006358165890227066780586: sending request response
2025-05-14 22:05:29,477 file_requests_servicer.py:112 [INFO] User "0x3C44CdDdB6a900fa2b585dd299e03d12FA4293BC" | id: 51955181801722770517135646771757556634969667793507370522571942049697939597817: sending request response
2025-05-14 22:05:29,477 file_requests_servicer.py:112 [INFO] User "0x3C44CdDdB6a900fa2b585dd299e03d12FA4293BC" | id: 62895030604372632019853498832736544592724342980596436225246632222535407818066: sending request response
2025-05-14 22:05:29,477 file_requests_servicer.py:112 [INFO] User "0x3C44CdDdB6a900fa2b585dd299e03d12FA4293BC" | id: 54296166045681479452097615886608242596095279373952611387794917925829032006995: sending request response
2025-05-14 22:05:29,477 file_requests_servicer.py:112 [INFO] User "0x3C44CdDdB6a900fa2b585dd299e03d12FA4293BC" | id: 93559514634583338459980500758655005114064844340739649029713522272393767548490: sending request response
2025-05-14 22:05:29,477 file_requests_servicer.py:112 [INFO] User "0x3C44CdDdB6a900fa2b585dd299e03d12FA4293BC" | id: 1102856196015018138276523867870733197419530819069199149777476956769357309733: sending request response
2025-05-14 22:05:29,477 file_requests_servicer.py:112 [INFO] User "0x3C44CdDdB6a900fa2b585dd299e03d12FA4293BC" | id: 21145058818460305453060016967539239373007042267867720669360815942267263979434: sending request response
2025-05-14 22:05:29,477 file_requests_servicer.py:112 [INFO] User "0x3C44CdDdB6a900fa2b585dd299e03d12FA4293BC" | id: 19718104233742338675203956385302162162221866891433347585604609734977526156660: sending request response
2025-05-14 22:05:29,477 file_requests_servicer.py:112 [INFO] User "0x3C44CdDdB6a900fa2b585dd299e03d12FA4293BC" | id: 10121506334883223136245733054340778593203496548584425904556398417910699744270: sending request response
2025-05-14 22:05:29,477 file_requests_servicer.py:112 [INFO] User "0x3C44CdDdB6a900fa2b585dd299e03d12FA4293BC" | id: 47075196000814607974626291808306767585540771719932591409255638698374688374793: sending request response
2025-05-14 22:05:29,477 file_requests_servicer.py:112 [INFO] User "0x3C44CdDdB6a900fa2b585dd299e03d12FA4293BC" | id: 33419598963633841443941153703717601249890574860411743811630561660359706840024: sending request response
2025-05-14 22:05:29,478 file_requests_servicer.py:112 [INFO] User "0x3C44CdDdB6a900fa2b585dd299e03d12FA4293BC" | id: 75492179340136454976683696589869781440303730188218876228706875801320580495529: sending request response
2025-05-14 22:05:29,478 file_requests_servicer.py:112 [INFO] User "0x3C44CdDdB6a900fa2b585dd299e03d12FA4293BC" | id: 37812428875192160942655697112219160468084945871382266203263505197758479574944: sending request response
2025-05-14 22:26:00,701 main.py:34 [INFO] SIGINT received, tear down commencing
2025-05-14 22:26:04,963 main.py:71 [INFO] 
==================================================
	DPCN Tearing Down
==================================================


2025-05-14 22:26:04,964 metrics.py:58 [INFO] Saving Metrics Collected
2025-05-14 22:26:04,964 metrics.py:67 [INFO] Metrics Saved
2025-05-14 22:26:04,964 main.py:73 [INFO] 
==================================================
	DPCN Ended
==================================================


2025-05-14 22:26:59,327 db.py:48 [INFO] DB: Loaded file successfully
2025-05-14 22:26:59,327 main.py:61 [INFO] 
==================================================
	Starting DPCN
==================================================


2025-05-14 22:26:59,339 file_requests_servicer.py:57 [INFO] Starting forever listen to file requests
2025-05-14 22:26:59,339 file_requests_servicer.py:108 [INFO] Starting forever send request responses
2025-05-14 22:31:04,794 file_requests_servicer.py:72 [INFO] Found 2 users requesting files
2025-05-14 22:31:04,806 file_requests_servicer.py:81 [INFO] User "0x70997970C51812dc3A010C7d01b50e0d17dc79C8" requested 4 file credential/s
2025-05-14 22:31:08,137 file_requests_servicer.py:112 [INFO] User "0x70997970C51812dc3A010C7d01b50e0d17dc79C8" | id: 105929501302258716326230246115762064314517300461984833212277135943565360346648: sending request response
2025-05-14 22:31:08,137 file_requests_servicer.py:112 [INFO] User "0x70997970C51812dc3A010C7d01b50e0d17dc79C8" | id: 58522426008102274483481106286959374068748786820175751563938765085021041032064: sending request response
2025-05-14 22:31:08,138 file_requests_servicer.py:112 [INFO] User "0x70997970C51812dc3A010C7d01b50e0d17dc79C8" | id: 337827996441610062188516534663631090002417615674292246913466682244284353191: sending request response
2025-05-14 22:31:08,138 file_requests_servicer.py:112 [INFO] User "0x70997970C51812dc3A010C7d01b50e0d17dc79C8" | id: 35607139606573082183777185345859638366965512934965772785946801701547384141930: sending request response
2025-05-14 22:31:08,138 file_requests_servicer.py:81 [INFO] User "0x3C44CdDdB6a900fa2b585dd299e03d12FA4293BC" requested 3 file credential/s
2025-05-14 22:31:10,490 file_requests_servicer.py:112 [INFO] User "0x3C44CdDdB6a900fa2b585dd299e03d12FA4293BC" | id: 86393440838102744082721954123392950078857487481381067255921624941492342906928: sending request response
2025-05-14 22:31:10,490 file_requests_servicer.py:112 [INFO] User "0x3C44CdDdB6a900fa2b585dd299e03d12FA4293BC" | id: 21844596111065382203396734199117961413455645054113906793010876173227836137456: sending request response
2025-05-14 22:31:10,490 file_requests_servicer.py:112 [INFO] User "0x3C44CdDdB6a900fa2b585dd299e03d12FA4293BC" | id: 46202825712764588823318674835088737968810014307703249344980894890639848794896: sending request response
2025-05-14 22:31:15,499 file_requests_servicer.py:72 [INFO] Found 2 users requesting files
2025-05-14 22:31:15,508 file_requests_servicer.py:81 [INFO] User "0x70997970C51812dc3A010C7d01b50e0d17dc79C8" requested 5 file credential/s
2025-05-14 22:31:19,543 file_requests_servicer.py:112 [INFO] User "0x70997970C51812dc3A010C7d01b50e0d17dc79C8" | id: 54105741423122622201106109469562586268523142673693087473157050250299332070800: sending request response
2025-05-14 22:31:19,543 file_requests_servicer.py:112 [INFO] User "0x70997970C51812dc3A010C7d01b50e0d17dc79C8" | id: 73585314649134432556887865357811674053405440304657865572196962053219105436087: sending request response
2025-05-14 22:31:19,544 file_requests_servicer.py:112 [INFO] User "0x70997970C51812dc3A010C7d01b50e0d17dc79C8" | id: 17498893592987261070908327827348136721732582985280937272239384977661817086845: sending request response
2025-05-14 22:31:19,544 file_requests_servicer.py:112 [INFO] User "0x70997970C51812dc3A010C7d01b50e0d17dc79C8" | id: 49625426250009854497708710402939464545181715918781340108480164440949981460328: sending request response
2025-05-14 22:31:19,545 file_requests_servicer.py:112 [INFO] User "0x70997970C51812dc3A010C7d01b50e0d17dc79C8" | id: 106007741390282659697221709943346462458271259550307158526676140530946780840887: sending request response
2025-05-14 22:31:19,546 file_requests_servicer.py:81 [INFO] User "0x3C44CdDdB6a900fa2b585dd299e03d12FA4293BC" requested 4 file credential/s
2025-05-14 22:31:22,809 file_requests_servicer.py:112 [INFO] User "0x3C44CdDdB6a900fa2b585dd299e03d12FA4293BC" | id: 49507750797528744957751772605461045978251274559858665570518722212691379464159: sending request response
2025-05-14 22:31:22,809 file_requests_servicer.py:112 [INFO] User "0x3C44CdDdB6a900fa2b585dd299e03d12FA4293BC" | id: 60007643016430120554676334795870690728299526274694106641621399538161834729246: sending request response
2025-05-14 22:31:22,809 file_requests_servicer.py:112 [INFO] User "0x3C44CdDdB6a900fa2b585dd299e03d12FA4293BC" | id: 93759290378734723339180464173826148118825028671850730653013072488741336067107: sending request response
2025-05-14 22:31:22,809 file_requests_servicer.py:112 [INFO] User "0x3C44CdDdB6a900fa2b585dd299e03d12FA4293BC" | id: 56256268296866287283117852445095833555916062413892872059231692741462045230136: sending request response
2025-05-14 22:33:12,987 file_requests_servicer.py:72 [INFO] Found 2 users requesting files
2025-05-14 22:33:12,999 file_requests_servicer.py:81 [INFO] User "0x70997970C51812dc3A010C7d01b50e0d17dc79C8" requested 5 file credential/s
2025-05-14 22:33:17,026 file_requests_servicer.py:112 [INFO] User "0x70997970C51812dc3A010C7d01b50e0d17dc79C8" | id: 22258687827558621550921161874035365446821075322118338497809869853075029448908: sending request response
2025-05-14 22:33:17,026 file_requests_servicer.py:112 [INFO] User "0x70997970C51812dc3A010C7d01b50e0d17dc79C8" | id: 26272485273655230908306669329216769606797595748809315290398129713125931656361: sending request response
2025-05-14 22:33:17,026 file_requests_servicer.py:112 [INFO] User "0x70997970C51812dc3A010C7d01b50e0d17dc79C8" | id: 27388503597958144592089764963159384067765297172453634307723408115869164376124: sending request response
2025-05-14 22:33:17,026 file_requests_servicer.py:112 [INFO] User "0x70997970C51812dc3A010C7d01b50e0d17dc79C8" | id: 65368754970626112243985035729110034120014271395390357101617155769589247400643: sending request response
2025-05-14 22:33:17,026 file_requests_servicer.py:112 [INFO] User "0x70997970C51812dc3A010C7d01b50e0d17dc79C8" | id: 37391874386405273510194243500381894759661699089331904466371008656140697331803: sending request response
2025-05-14 22:33:17,027 file_requests_servicer.py:81 [INFO] User "0x3C44CdDdB6a900fa2b585dd299e03d12FA4293BC" requested 5 file credential/s
2025-05-14 22:33:20,861 file_requests_servicer.py:112 [INFO] User "0x3C44CdDdB6a900fa2b585dd299e03d12FA4293BC" | id: 66640078615492498120195570894458288973921086517138173662711288363581893951175: sending request response
2025-05-14 22:33:20,861 file_requests_servicer.py:112 [INFO] User "0x3C44CdDdB6a900fa2b585dd299e03d12FA4293BC" | id: 69185044841734575008877664007848010763045836269407424344724590970075895593371: sending request response
2025-05-14 22:33:20,861 file_requests_servicer.py:112 [INFO] User "0x3C44CdDdB6a900fa2b585dd299e03d12FA4293BC" | id: 82992346373921187777967983917936849281438889699935165609468602345480207210816: sending request response
2025-05-14 22:33:20,861 file_requests_servicer.py:112 [INFO] User "0x3C44CdDdB6a900fa2b585dd299e03d12FA4293BC" | id: 41417126189949480423874862019633848807755874887581519632274480802138321617788: sending request response
2025-05-14 22:33:20,861 file_requests_servicer.py:112 [INFO] User "0x3C44CdDdB6a900fa2b585dd299e03d12FA4293BC" | id: 97524578739319663636269657646268230910703941285312152157961227482645648096401: sending request response
2025-05-14 22:33:25,871 file_requests_servicer.py:72 [INFO] Found 2 users requesting files
2025-05-14 22:33:25,878 file_requests_servicer.py:81 [INFO] User "0x70997970C51812dc3A010C7d01b50e0d17dc79C8" requested 3 file credential/s
2025-05-14 22:33:28,297 file_requests_servicer.py:112 [INFO] User "0x70997970C51812dc3A010C7d01b50e0d17dc79C8" | id: 98124498473899189436974230021633055145963724257938449427207492430974833152042: sending request response
2025-05-14 22:33:28,298 file_requests_servicer.py:112 [INFO] User "0x70997970C51812dc3A010C7d01b50e0d17dc79C8" | id: 108320695424774975082837400262411108994257762001584855340342130665177916150597: sending request response
2025-05-14 22:33:28,298 file_requests_servicer.py:112 [INFO] User "0x70997970C51812dc3A010C7d01b50e0d17dc79C8" | id: 62371266687684728945415893781222428988986934913516989344621482631691189978997: sending request response
2025-05-14 22:33:28,302 file_requests_servicer.py:81 [INFO] User "0x3C44CdDdB6a900fa2b585dd299e03d12FA4293BC" requested 6 file credential/s
2025-05-14 22:33:33,187 file_requests_servicer.py:112 [INFO] User "0x3C44CdDdB6a900fa2b585dd299e03d12FA4293BC" | id: 48923801666125919827343694545081687779850219047913285292813558672389290650399: sending request response
2025-05-14 22:33:33,187 file_requests_servicer.py:112 [INFO] User "0x3C44CdDdB6a900fa2b585dd299e03d12FA4293BC" | id: 68292418300087360165875482981366143860518469418284017823546435081597538655750: sending request response
2025-05-14 22:33:33,187 file_requests_servicer.py:112 [INFO] User "0x3C44CdDdB6a900fa2b585dd299e03d12FA4293BC" | id: 92925069615005370361868068602199612161749963006903922999595796166228278024811: sending request response
2025-05-14 22:33:33,187 file_requests_servicer.py:112 [INFO] User "0x3C44CdDdB6a900fa2b585dd299e03d12FA4293BC" | id: 24147431070565136721775955065251022945764744535151354480300490482483998166973: sending request response
2025-05-14 22:33:33,187 file_requests_servicer.py:112 [INFO] User "0x3C44CdDdB6a900fa2b585dd299e03d12FA4293BC" | id: 92595303455873196546312183793232645053924911227518192528819789825726753915315: sending request response
2025-05-14 22:33:33,187 file_requests_servicer.py:112 [INFO] User "0x3C44CdDdB6a900fa2b585dd299e03d12FA4293BC" | id: 68103822198111895631258325026742553284698196696953290540173786331891410021847: sending request response
2025-05-14 22:35:33,382 file_requests_servicer.py:72 [INFO] Found 2 users requesting files
2025-05-14 22:35:33,392 file_requests_servicer.py:81 [INFO] User "0x70997970C51812dc3A010C7d01b50e0d17dc79C8" requested 3 file credential/s
2025-05-14 22:35:35,729 file_requests_servicer.py:112 [INFO] User "0x70997970C51812dc3A010C7d01b50e0d17dc79C8" | id: 102609513490027485078005653273928035488156370753612320354885669359648266550827: sending request response
2025-05-14 22:35:35,729 file_requests_servicer.py:112 [INFO] User "0x70997970C51812dc3A010C7d01b50e0d17dc79C8" | id: 75611444786745191979605669391639219178066223290776705642278130157844747385057: sending request response
2025-05-14 22:35:35,729 file_requests_servicer.py:112 [INFO] User "0x70997970C51812dc3A010C7d01b50e0d17dc79C8" | id: 15002110405808625478977493691973174276919223901213362037112626406351400407744: sending request response
2025-05-14 22:35:35,730 file_requests_servicer.py:81 [INFO] User "0x3C44CdDdB6a900fa2b585dd299e03d12FA4293BC" requested 3 file credential/s
2025-05-14 22:35:38,095 file_requests_servicer.py:112 [INFO] User "0x3C44CdDdB6a900fa2b585dd299e03d12FA4293BC" | id: 37922681383692248884988899341484898960572769332332366943114851791345128504598: sending request response
2025-05-14 22:35:38,095 file_requests_servicer.py:112 [INFO] User "0x3C44CdDdB6a900fa2b585dd299e03d12FA4293BC" | id: 108633250784200077490298305544885716223877361954025405243117556103154409188173: sending request response
2025-05-14 22:35:38,095 file_requests_servicer.py:112 [INFO] User "0x3C44CdDdB6a900fa2b585dd299e03d12FA4293BC" | id: 101310350009928203272375813157055757852082502017968818349915929897914590462661: sending request response
2025-05-14 22:35:43,104 file_requests_servicer.py:72 [INFO] Found 2 users requesting files
2025-05-14 22:35:43,111 file_requests_servicer.py:81 [INFO] User "0x70997970C51812dc3A010C7d01b50e0d17dc79C8" requested 3 file credential/s
2025-05-14 22:35:45,565 file_requests_servicer.py:112 [INFO] User "0x70997970C51812dc3A010C7d01b50e0d17dc79C8" | id: 87657801298495565405549706133205462378510699890527710788858539958274257427150: sending request response
2025-05-14 22:35:45,565 file_requests_servicer.py:112 [INFO] User "0x70997970C51812dc3A010C7d01b50e0d17dc79C8" | id: 89364989081338129403149778923122980180200914943680033498885120093761850738580: sending request response
2025-05-14 22:35:45,565 file_requests_servicer.py:112 [INFO] User "0x70997970C51812dc3A010C7d01b50e0d17dc79C8" | id: 40765300185312390967830435551179147611706584747980029533964126792172017286023: sending request response
2025-05-14 22:35:45,566 file_requests_servicer.py:81 [INFO] User "0x3C44CdDdB6a900fa2b585dd299e03d12FA4293BC" requested 3 file credential/s
2025-05-14 22:35:48,024 file_requests_servicer.py:112 [INFO] User "0x3C44CdDdB6a900fa2b585dd299e03d12FA4293BC" | id: 57334856425325782736501652827186973523360020622227559785865120573721749030599: sending request response
2025-05-14 22:35:48,024 file_requests_servicer.py:112 [INFO] User "0x3C44CdDdB6a900fa2b585dd299e03d12FA4293BC" | id: 60744842424891815823179111821022711977127168587536750142495215700556432672484: sending request response
2025-05-14 22:35:48,024 file_requests_servicer.py:112 [INFO] User "0x3C44CdDdB6a900fa2b585dd299e03d12FA4293BC" | id: 11447512389768128067371630672643569959163516847170198884717128986783526079126: sending request response
2025-05-14 22:37:08,146 file_requests_servicer.py:72 [INFO] Found 2 users requesting files
2025-05-14 22:37:08,153 file_requests_servicer.py:81 [INFO] User "0x3C44CdDdB6a900fa2b585dd299e03d12FA4293BC" requested 5 file credential/s
2025-05-14 22:37:12,010 file_requests_servicer.py:112 [INFO] User "0x3C44CdDdB6a900fa2b585dd299e03d12FA4293BC" | id: 32037222637525968136066495957438520432249517019452072639163762811937732368539: sending request response
2025-05-14 22:37:12,010 file_requests_servicer.py:112 [INFO] User "0x3C44CdDdB6a900fa2b585dd299e03d12FA4293BC" | id: 60759678565299525782014195969734488029308560836319123354157846879683925680304: sending request response
2025-05-14 22:37:12,010 file_requests_servicer.py:112 [INFO] User "0x3C44CdDdB6a900fa2b585dd299e03d12FA4293BC" | id: 42332670037465402500552109306039825249192912378209729226262350565128773737309: sending request response
2025-05-14 22:37:12,010 file_requests_servicer.py:112 [INFO] User "0x3C44CdDdB6a900fa2b585dd299e03d12FA4293BC" | id: 410501491786118116926047663832583181985005815768395205148626947668121234615: sending request response
2025-05-14 22:37:12,010 file_requests_servicer.py:112 [INFO] User "0x3C44CdDdB6a900fa2b585dd299e03d12FA4293BC" | id: 51402327492631430822479670956633662642181704938735441718103127679134433089602: sending request response
2025-05-14 22:37:12,011 file_requests_servicer.py:81 [INFO] User "0x70997970C51812dc3A010C7d01b50e0d17dc79C8" requested 4 file credential/s
2025-05-14 22:37:15,084 file_requests_servicer.py:112 [INFO] User "0x70997970C51812dc3A010C7d01b50e0d17dc79C8" | id: 71552566951494720077808008724911285139111538802860897275759170547496918494760: sending request response
2025-05-14 22:37:15,085 file_requests_servicer.py:112 [INFO] User "0x70997970C51812dc3A010C7d01b50e0d17dc79C8" | id: 55732418887864413829349124120312496781743268401559463014335493920412443490644: sending request response
2025-05-14 22:37:15,085 file_requests_servicer.py:112 [INFO] User "0x70997970C51812dc3A010C7d01b50e0d17dc79C8" | id: 32406732451320880711315296464655866395125221028535894195369964734816336802184: sending request response
2025-05-14 22:37:15,085 file_requests_servicer.py:112 [INFO] User "0x70997970C51812dc3A010C7d01b50e0d17dc79C8" | id: 112476919949015626474155278163301287750974912932598629480078708282450403136026: sending request response
2025-05-14 22:37:20,094 file_requests_servicer.py:72 [INFO] Found 2 users requesting files
2025-05-14 22:37:20,103 file_requests_servicer.py:81 [INFO] User "0x3C44CdDdB6a900fa2b585dd299e03d12FA4293BC" requested 3 file credential/s
2025-05-14 22:37:22,606 file_requests_servicer.py:112 [INFO] User "0x3C44CdDdB6a900fa2b585dd299e03d12FA4293BC" | id: 73688232274917362010447124695670277352995147195458062860099531871278927491728: sending request response
2025-05-14 22:37:22,606 file_requests_servicer.py:112 [INFO] User "0x3C44CdDdB6a900fa2b585dd299e03d12FA4293BC" | id: 65074971164176280635677786612017756886010574697934693941621291469994107646006: sending request response
2025-05-14 22:37:22,607 file_requests_servicer.py:112 [INFO] User "0x3C44CdDdB6a900fa2b585dd299e03d12FA4293BC" | id: 99259971926671767871515715038892463264612978606648408806751562642818631912525: sending request response
2025-05-14 22:37:22,610 file_requests_servicer.py:81 [INFO] User "0x70997970C51812dc3A010C7d01b50e0d17dc79C8" requested 3 file credential/s
2025-05-14 22:37:25,089 file_requests_servicer.py:112 [INFO] User "0x70997970C51812dc3A010C7d01b50e0d17dc79C8" | id: 33809702985012502524565149851768371200516003945974447792480976830636128584204: sending request response
2025-05-14 22:37:25,089 file_requests_servicer.py:112 [INFO] User "0x70997970C51812dc3A010C7d01b50e0d17dc79C8" | id: 9745044834831445328073338636829727179426091116631282654294014118804099095159: sending request response
2025-05-14 22:37:25,089 file_requests_servicer.py:112 [INFO] User "0x70997970C51812dc3A010C7d01b50e0d17dc79C8" | id: 101150181229201530679917517289460696424328047312751732426664322120321390132852: sending request response
2025-05-14 22:39:05,241 file_requests_servicer.py:72 [INFO] Found 2 users requesting files
2025-05-14 22:39:05,250 file_requests_servicer.py:81 [INFO] User "0x70997970C51812dc3A010C7d01b50e0d17dc79C8" requested 4 file credential/s
2025-05-14 22:39:08,395 file_requests_servicer.py:112 [INFO] User "0x70997970C51812dc3A010C7d01b50e0d17dc79C8" | id: 26982576231027367544304947837363584002932314548068815365108121451528139128831: sending request response
2025-05-14 22:39:08,395 file_requests_servicer.py:112 [INFO] User "0x70997970C51812dc3A010C7d01b50e0d17dc79C8" | id: 37500017137726016339741057316415121742305204796707868266820585805249990788602: sending request response
2025-05-14 22:39:08,395 file_requests_servicer.py:112 [INFO] User "0x70997970C51812dc3A010C7d01b50e0d17dc79C8" | id: 109935079250204174524871587788965290848208186868535289627223204360122677393873: sending request response
2025-05-14 22:39:08,395 file_requests_servicer.py:112 [INFO] User "0x70997970C51812dc3A010C7d01b50e0d17dc79C8" | id: 24651585703290265654723379170193635676480132079928200504082238732299555257263: sending request response
2025-05-14 22:39:08,396 file_requests_servicer.py:81 [INFO] User "0x3C44CdDdB6a900fa2b585dd299e03d12FA4293BC" requested 5 file credential/s
2025-05-14 22:39:12,234 file_requests_servicer.py:112 [INFO] User "0x3C44CdDdB6a900fa2b585dd299e03d12FA4293BC" | id: 65403669493781887079086079798313675519092453340210703564413409515417481585767: sending request response
2025-05-14 22:39:12,234 file_requests_servicer.py:112 [INFO] User "0x3C44CdDdB6a900fa2b585dd299e03d12FA4293BC" | id: 40419483012607511512176688567871165624260638617447305413555499923978267321915: sending request response
2025-05-14 22:39:12,234 file_requests_servicer.py:112 [INFO] User "0x3C44CdDdB6a900fa2b585dd299e03d12FA4293BC" | id: 57432268332051595126334716187511603509798531960158538033718907646606667630330: sending request response
2025-05-14 22:39:12,234 file_requests_servicer.py:112 [INFO] User "0x3C44CdDdB6a900fa2b585dd299e03d12FA4293BC" | id: 2467166014045073863780869030336979762175274151617838711357999009978150895296: sending request response
2025-05-14 22:39:12,234 file_requests_servicer.py:112 [INFO] User "0x3C44CdDdB6a900fa2b585dd299e03d12FA4293BC" | id: 30276434458153829520336934468646111521034804124602238032349574792054140031309: sending request response
2025-05-14 22:39:17,244 file_requests_servicer.py:72 [INFO] Found 2 users requesting files
2025-05-14 22:39:17,253 file_requests_servicer.py:81 [INFO] User "0x70997970C51812dc3A010C7d01b50e0d17dc79C8" requested 3 file credential/s
2025-05-14 22:39:19,733 file_requests_servicer.py:112 [INFO] User "0x70997970C51812dc3A010C7d01b50e0d17dc79C8" | id: 71141862949559707902774300382669640662641346158189599997705481969864616268204: sending request response
2025-05-14 22:39:19,733 file_requests_servicer.py:112 [INFO] User "0x70997970C51812dc3A010C7d01b50e0d17dc79C8" | id: 44538809617251151798142039348318319011314978195218565280874991144901065428916: sending request response
2025-05-14 22:39:19,733 file_requests_servicer.py:112 [INFO] User "0x70997970C51812dc3A010C7d01b50e0d17dc79C8" | id: 54550067999337076480301733355759964469494151749058850363975393165487413442010: sending request response
2025-05-14 22:39:19,738 file_requests_servicer.py:81 [INFO] User "0x3C44CdDdB6a900fa2b585dd299e03d12FA4293BC" requested 3 file credential/s
2025-05-14 22:39:22,247 file_requests_servicer.py:112 [INFO] User "0x3C44CdDdB6a900fa2b585dd299e03d12FA4293BC" | id: 79538724742191102191383328938745792367522964403642120917139483487801750111381: sending request response
2025-05-14 22:39:22,247 file_requests_servicer.py:112 [INFO] User "0x3C44CdDdB6a900fa2b585dd299e03d12FA4293BC" | id: 8374851791702729572687283115351237395956260239847610121622607982486104510791: sending request response
2025-05-14 22:39:22,247 file_requests_servicer.py:112 [INFO] User "0x3C44CdDdB6a900fa2b585dd299e03d12FA4293BC" | id: 48344530972452637152411258745048410672385486287506107577438617166819573994906: sending request response
2025-05-14 22:41:02,406 file_requests_servicer.py:72 [INFO] Found 2 users requesting files
2025-05-14 22:41:02,412 file_requests_servicer.py:81 [INFO] User "0x3C44CdDdB6a900fa2b585dd299e03d12FA4293BC" requested 5 file credential/s
2025-05-14 22:41:06,356 file_requests_servicer.py:112 [INFO] User "0x3C44CdDdB6a900fa2b585dd299e03d12FA4293BC" | id: 97536958394005580541589689386389703438368561681023108147755888355554693409376: sending request response
2025-05-14 22:41:06,356 file_requests_servicer.py:112 [INFO] User "0x3C44CdDdB6a900fa2b585dd299e03d12FA4293BC" | id: 103512269688292315766933924830912810098634360841901214363750918377485958513045: sending request response
2025-05-14 22:41:06,356 file_requests_servicer.py:112 [INFO] User "0x3C44CdDdB6a900fa2b585dd299e03d12FA4293BC" | id: 79540270891045781251422559177633777221770054924118934890677696915402951391929: sending request response
2025-05-14 22:41:06,356 file_requests_servicer.py:112 [INFO] User "0x3C44CdDdB6a900fa2b585dd299e03d12FA4293BC" | id: 3401224200383477581276121014063284222736470058918042577031592665552287580652: sending request response
2025-05-14 22:41:06,356 file_requests_servicer.py:112 [INFO] User "0x3C44CdDdB6a900fa2b585dd299e03d12FA4293BC" | id: 14240553545318775890240143644302283888692011856433255019498006295039568786004: sending request response
2025-05-14 22:41:06,357 file_requests_servicer.py:81 [INFO] User "0x70997970C51812dc3A010C7d01b50e0d17dc79C8" requested 5 file credential/s
2025-05-14 22:41:10,314 file_requests_servicer.py:112 [INFO] User "0x70997970C51812dc3A010C7d01b50e0d17dc79C8" | id: 9091191480753178004428091688908100577985591974686902145357887235431553943211: sending request response
2025-05-14 22:41:10,314 file_requests_servicer.py:112 [INFO] User "0x70997970C51812dc3A010C7d01b50e0d17dc79C8" | id: 91197839250274711827848732600952517206056138350595900574543287109004319124563: sending request response
2025-05-14 22:41:10,314 file_requests_servicer.py:112 [INFO] User "0x70997970C51812dc3A010C7d01b50e0d17dc79C8" | id: 87996081161096373556146774949357024733565162603215466205454011394972113810247: sending request response
2025-05-14 22:41:10,314 file_requests_servicer.py:112 [INFO] User "0x70997970C51812dc3A010C7d01b50e0d17dc79C8" | id: 41143517241488005397258381435469257729795645394328101500142859874784574151368: sending request response
2025-05-14 22:41:10,314 file_requests_servicer.py:112 [INFO] User "0x70997970C51812dc3A010C7d01b50e0d17dc79C8" | id: 86722189784294127981838709722363668979146021230721992046703793236197475844872: sending request response
2025-05-14 22:41:15,325 file_requests_servicer.py:72 [INFO] Found 2 users requesting files
2025-05-14 22:41:15,333 file_requests_servicer.py:81 [INFO] User "0x3C44CdDdB6a900fa2b585dd299e03d12FA4293BC" requested 5 file credential/s
2025-05-14 22:41:19,470 file_requests_servicer.py:112 [INFO] User "0x3C44CdDdB6a900fa2b585dd299e03d12FA4293BC" | id: 101103972723479724748093892581370781991409538795009497116426370648606926624473: sending request response
2025-05-14 22:41:19,471 file_requests_servicer.py:112 [INFO] User "0x3C44CdDdB6a900fa2b585dd299e03d12FA4293BC" | id: 51577257080753515140268341217811303368374212332767364178366904466209079987904: sending request response
2025-05-14 22:41:19,471 file_requests_servicer.py:112 [INFO] User "0x3C44CdDdB6a900fa2b585dd299e03d12FA4293BC" | id: 1666365567417609310598429217266650975867934507515217224397182155978464672190: sending request response
2025-05-14 22:41:19,471 file_requests_servicer.py:112 [INFO] User "0x3C44CdDdB6a900fa2b585dd299e03d12FA4293BC" | id: 85818915658074036007178559169068862621045439643580315252823636037521627912336: sending request response
2025-05-14 22:41:19,471 file_requests_servicer.py:112 [INFO] User "0x3C44CdDdB6a900fa2b585dd299e03d12FA4293BC" | id: 97591417155393963254963392411817895253010128713049573580136130640695360760021: sending request response
2025-05-14 22:41:19,476 file_requests_servicer.py:81 [INFO] User "0x70997970C51812dc3A010C7d01b50e0d17dc79C8" requested 5 file credential/s
2025-05-14 22:41:23,650 file_requests_servicer.py:112 [INFO] User "0x70997970C51812dc3A010C7d01b50e0d17dc79C8" | id: 102788754879974062400671601582554283645697016123631742913886419755551265204560: sending request response
2025-05-14 22:41:23,650 file_requests_servicer.py:112 [INFO] User "0x70997970C51812dc3A010C7d01b50e0d17dc79C8" | id: 77187417218315720197516607660405570317194138346366795232816694174770970102137: sending request response
2025-05-14 22:41:23,650 file_requests_servicer.py:112 [INFO] User "0x70997970C51812dc3A010C7d01b50e0d17dc79C8" | id: 101482421069981933563348378071104210362564975879189010583723628558870531326664: sending request response
2025-05-14 22:41:23,650 file_requests_servicer.py:112 [INFO] User "0x70997970C51812dc3A010C7d01b50e0d17dc79C8" | id: 72876175443610513293606313486612721288196999016804917259768673934580968980624: sending request response
2025-05-14 22:41:23,650 file_requests_servicer.py:112 [INFO] User "0x70997970C51812dc3A010C7d01b50e0d17dc79C8" | id: 15685750243406387394752784603062606763752909258669944398593636234419162940312: sending request response
2025-05-16 20:15:11,585 main.py:34 [INFO] SIGINT received, tear down commencing
2025-05-16 20:15:15,447 main.py:71 [INFO] 
==================================================
	DPCN Tearing Down
==================================================


2025-05-16 20:15:15,447 metrics.py:58 [INFO] Saving Metrics Collected
2025-05-16 20:15:15,486 metrics.py:67 [INFO] Metrics Saved
2025-05-16 20:15:15,486 main.py:73 [INFO] 
==================================================
	DPCN Ended
==================================================


2025-05-16 20:15:32,813 db.py:48 [INFO] DB: Loaded file successfully
2025-05-16 20:15:32,814 main.py:61 [INFO] 
==================================================
	Starting DPCN
==================================================


2025-05-16 20:15:32,827 file_requests_servicer.py:57 [INFO] Starting forever listen to file requests
2025-05-16 20:15:32,828 file_requests_servicer.py:108 [INFO] Starting forever send request responses
2025-05-16 20:15:52,869 file_requests_servicer.py:72 [INFO] Found 2 users requesting files
2025-05-16 20:15:52,880 file_requests_servicer.py:81 [INFO] User "0x70997970C51812dc3A010C7d01b50e0d17dc79C8" requested 1 file credential/s
2025-05-16 20:15:53,723 file_requests_servicer.py:112 [INFO] User "0x70997970C51812dc3A010C7d01b50e0d17dc79C8" | id: 6213193965772827301234714290856349506367044127650686167839385638802558191063: sending request response
2025-05-16 20:15:53,723 file_requests_servicer.py:81 [INFO] User "0x3C44CdDdB6a900fa2b585dd299e03d12FA4293BC" requested 1 file credential/s
2025-05-16 20:15:54,498 file_requests_servicer.py:112 [INFO] User "0x3C44CdDdB6a900fa2b585dd299e03d12FA4293BC" | id: 91589986609137370634512109138710193003572467561376339996777772323255405831694: sending request response
2025-05-16 20:15:59,507 file_requests_servicer.py:72 [INFO] Found 2 users requesting files
2025-05-16 20:15:59,515 file_requests_servicer.py:81 [INFO] User "0x3C44CdDdB6a900fa2b585dd299e03d12FA4293BC" requested 1 file credential/s
2025-05-16 20:16:00,381 file_requests_servicer.py:112 [INFO] User "0x3C44CdDdB6a900fa2b585dd299e03d12FA4293BC" | id: 53686427710115000030100644806563276146764830767873009598441074964143969978597: sending request response
2025-05-16 20:16:00,382 file_requests_servicer.py:81 [INFO] User "0x70997970C51812dc3A010C7d01b50e0d17dc79C8" requested 1 file credential/s
2025-05-16 20:16:01,234 file_requests_servicer.py:112 [INFO] User "0x70997970C51812dc3A010C7d01b50e0d17dc79C8" | id: 68467857863328653381970344839535469744846103574048193817773848496056645539704: sending request response
2025-05-16 20:16:26,280 file_requests_servicer.py:72 [INFO] Found 2 users requesting files
2025-05-16 20:16:26,288 file_requests_servicer.py:81 [INFO] User "0x70997970C51812dc3A010C7d01b50e0d17dc79C8" requested 4 file credential/s
2025-05-16 20:16:29,588 file_requests_servicer.py:112 [INFO] User "0x70997970C51812dc3A010C7d01b50e0d17dc79C8" | id: 78020280192903197768909150252724078722381224840226495198435041572437338703332: sending request response
2025-05-16 20:16:29,588 file_requests_servicer.py:112 [INFO] User "0x70997970C51812dc3A010C7d01b50e0d17dc79C8" | id: 33536322885507220216034216821369959995403180077045722364391065965809839360185: sending request response
2025-05-16 20:16:29,588 file_requests_servicer.py:112 [INFO] User "0x70997970C51812dc3A010C7d01b50e0d17dc79C8" | id: 41661210745595720776771329564476982608730117936147865068408412347560785743014: sending request response
2025-05-16 20:16:29,588 file_requests_servicer.py:112 [INFO] User "0x70997970C51812dc3A010C7d01b50e0d17dc79C8" | id: 82641006726736587640013763450633646486325174531330296566773397512322389024204: sending request response
2025-05-16 20:16:29,589 file_requests_servicer.py:81 [INFO] User "0x3C44CdDdB6a900fa2b585dd299e03d12FA4293BC" requested 4 file credential/s
2025-05-16 20:16:32,743 file_requests_servicer.py:112 [INFO] User "0x3C44CdDdB6a900fa2b585dd299e03d12FA4293BC" | id: 102292961721725407421979927940611775788939664254667199112426410131772558146797: sending request response
2025-05-16 20:16:32,743 file_requests_servicer.py:112 [INFO] User "0x3C44CdDdB6a900fa2b585dd299e03d12FA4293BC" | id: 22487586685765458229757870255968893861276093258619654051402047271861487244481: sending request response
2025-05-16 20:16:32,743 file_requests_servicer.py:112 [INFO] User "0x3C44CdDdB6a900fa2b585dd299e03d12FA4293BC" | id: 67704021539422479074712878287134554757235768140795037083098865119716439149060: sending request response
2025-05-16 20:16:32,743 file_requests_servicer.py:112 [INFO] User "0x3C44CdDdB6a900fa2b585dd299e03d12FA4293BC" | id: 47557794788615756630286177647348666229821629822453628580621984694227680635213: sending request response
2025-05-16 20:16:37,752 file_requests_servicer.py:72 [INFO] Found 2 users requesting files
2025-05-16 20:16:37,760 file_requests_servicer.py:81 [INFO] User "0x70997970C51812dc3A010C7d01b50e0d17dc79C8" requested 3 file credential/s
2025-05-16 20:16:40,253 file_requests_servicer.py:112 [INFO] User "0x70997970C51812dc3A010C7d01b50e0d17dc79C8" | id: 99033764345238579325345119001772809455115545657548158087791958457917740029009: sending request response
2025-05-16 20:16:40,253 file_requests_servicer.py:112 [INFO] User "0x70997970C51812dc3A010C7d01b50e0d17dc79C8" | id: 40911318113833801816361187671617418897090388375814499367453268851025358661554: sending request response
2025-05-16 20:16:40,253 file_requests_servicer.py:112 [INFO] User "0x70997970C51812dc3A010C7d01b50e0d17dc79C8" | id: 40943894941158087648203098814023332258356337887469664836023976684656328004425: sending request response
2025-05-16 20:16:40,253 file_requests_servicer.py:81 [INFO] User "0x3C44CdDdB6a900fa2b585dd299e03d12FA4293BC" requested 3 file credential/s
2025-05-16 20:16:42,781 file_requests_servicer.py:112 [INFO] User "0x3C44CdDdB6a900fa2b585dd299e03d12FA4293BC" | id: 30073232066354305454454434132995500745318313788520212733591752705448474042026: sending request response
2025-05-16 20:16:42,781 file_requests_servicer.py:112 [INFO] User "0x3C44CdDdB6a900fa2b585dd299e03d12FA4293BC" | id: 84331028604393287180160553716332610565007702904757729124456209130382403973409: sending request response
2025-05-16 20:16:42,781 file_requests_servicer.py:112 [INFO] User "0x3C44CdDdB6a900fa2b585dd299e03d12FA4293BC" | id: 76148257421716145244804108891218944368474329233985745685461023534789111517878: sending request response
2025-05-16 20:18:22,964 file_requests_servicer.py:72 [INFO] Found 2 users requesting files
2025-05-16 20:18:22,977 file_requests_servicer.py:81 [INFO] User "0x3C44CdDdB6a900fa2b585dd299e03d12FA4293BC" requested 4 file credential/s
2025-05-16 20:18:26,382 file_requests_servicer.py:112 [INFO] User "0x3C44CdDdB6a900fa2b585dd299e03d12FA4293BC" | id: 30063954240482202137606518038755477515480650773627171216746619701415017583286: sending request response
2025-05-16 20:18:26,383 file_requests_servicer.py:112 [INFO] User "0x3C44CdDdB6a900fa2b585dd299e03d12FA4293BC" | id: 54241831220877388266846735312603618138542729664792997132336301201220761454627: sending request response
2025-05-16 20:18:26,383 file_requests_servicer.py:112 [INFO] User "0x3C44CdDdB6a900fa2b585dd299e03d12FA4293BC" | id: 72686888781016424113057984872386249409666012566526020290712261324887214128120: sending request response
2025-05-16 20:18:26,383 file_requests_servicer.py:112 [INFO] User "0x3C44CdDdB6a900fa2b585dd299e03d12FA4293BC" | id: 74066989431016567966237913626433877853291294678196561609673975289870466286748: sending request response
2025-05-16 20:18:26,384 file_requests_servicer.py:81 [INFO] User "0x70997970C51812dc3A010C7d01b50e0d17dc79C8" requested 5 file credential/s
2025-05-16 20:18:30,684 file_requests_servicer.py:112 [INFO] User "0x70997970C51812dc3A010C7d01b50e0d17dc79C8" | id: 56162914180808275369081849909973563860721524019062624390145796086872924347143: sending request response
2025-05-16 20:18:30,684 file_requests_servicer.py:112 [INFO] User "0x70997970C51812dc3A010C7d01b50e0d17dc79C8" | id: 105334667461045426594732424725383781354584124428163357469624981091484902028286: sending request response
2025-05-16 20:18:30,684 file_requests_servicer.py:112 [INFO] User "0x70997970C51812dc3A010C7d01b50e0d17dc79C8" | id: 37524548478266220024469981779211132177794609710642085891380863847999577976740: sending request response
2025-05-16 20:18:30,684 file_requests_servicer.py:112 [INFO] User "0x70997970C51812dc3A010C7d01b50e0d17dc79C8" | id: 12883534779084840594564011228835596188988056780420537268174824970295727119230: sending request response
2025-05-16 20:18:30,684 file_requests_servicer.py:112 [INFO] User "0x70997970C51812dc3A010C7d01b50e0d17dc79C8" | id: 17829919879039415237768645181032799580803305386312619620678663312285616209651: sending request response
2025-05-16 20:18:35,694 file_requests_servicer.py:72 [INFO] Found 2 users requesting files
2025-05-16 20:18:35,703 file_requests_servicer.py:81 [INFO] User "0x3C44CdDdB6a900fa2b585dd299e03d12FA4293BC" requested 3 file credential/s
2025-05-16 20:18:38,370 file_requests_servicer.py:112 [INFO] User "0x3C44CdDdB6a900fa2b585dd299e03d12FA4293BC" | id: 35792024123618279043071371022586478622499782148975434573329165427802704944546: sending request response
2025-05-16 20:18:38,370 file_requests_servicer.py:112 [INFO] User "0x3C44CdDdB6a900fa2b585dd299e03d12FA4293BC" | id: 9447724555442059876846414055441449314873695274302844912678685120292587463367: sending request response
2025-05-16 20:18:38,370 file_requests_servicer.py:112 [INFO] User "0x3C44CdDdB6a900fa2b585dd299e03d12FA4293BC" | id: 98124036325050342314641917658609184734847867636375224978311915680334153410790: sending request response
2025-05-16 20:18:38,371 file_requests_servicer.py:81 [INFO] User "0x70997970C51812dc3A010C7d01b50e0d17dc79C8" requested 3 file credential/s
2025-05-16 20:18:41,000 file_requests_servicer.py:112 [INFO] User "0x70997970C51812dc3A010C7d01b50e0d17dc79C8" | id: 90669720517080850687603787416016780607786170427696277252024705021476298093882: sending request response
2025-05-16 20:18:41,000 file_requests_servicer.py:112 [INFO] User "0x70997970C51812dc3A010C7d01b50e0d17dc79C8" | id: 37646511732036566286823566082274809139600172192678024215785464308420200605110: sending request response
2025-05-16 20:18:41,000 file_requests_servicer.py:112 [INFO] User "0x70997970C51812dc3A010C7d01b50e0d17dc79C8" | id: 8222107372443836470517625429517834607126511569674481675716687513241668587602: sending request response
2025-05-16 20:20:31,179 file_requests_servicer.py:72 [INFO] Found 2 users requesting files
2025-05-16 20:20:31,244 file_requests_servicer.py:81 [INFO] User "0x3C44CdDdB6a900fa2b585dd299e03d12FA4293BC" requested 4 file credential/s
2025-05-16 20:20:34,695 file_requests_servicer.py:112 [INFO] User "0x3C44CdDdB6a900fa2b585dd299e03d12FA4293BC" | id: 56628221084629060401256918910615460933943702116131730489672125655306920931682: sending request response
2025-05-16 20:20:34,695 file_requests_servicer.py:112 [INFO] User "0x3C44CdDdB6a900fa2b585dd299e03d12FA4293BC" | id: 107957226578938055612488678846330984893467216710596590674884317322544428579195: sending request response
2025-05-16 20:20:34,695 file_requests_servicer.py:112 [INFO] User "0x3C44CdDdB6a900fa2b585dd299e03d12FA4293BC" | id: 82325625823023179129219673146872797556142528958901260342540451364724561539820: sending request response
2025-05-16 20:20:34,696 file_requests_servicer.py:112 [INFO] User "0x3C44CdDdB6a900fa2b585dd299e03d12FA4293BC" | id: 31196545964120226875954113693895684399874193694886309134956798053824445873341: sending request response
2025-05-16 20:20:34,696 file_requests_servicer.py:81 [INFO] User "0x70997970C51812dc3A010C7d01b50e0d17dc79C8" requested 4 file credential/s
2025-05-16 20:20:38,258 file_requests_servicer.py:112 [INFO] User "0x70997970C51812dc3A010C7d01b50e0d17dc79C8" | id: 43976265206027984571257639686834406857587055499484806928727622699104317298235: sending request response
2025-05-16 20:20:38,258 file_requests_servicer.py:112 [INFO] User "0x70997970C51812dc3A010C7d01b50e0d17dc79C8" | id: 109367077870357172350364478651824619090452255654271913592707781454434396088366: sending request response
2025-05-16 20:20:38,258 file_requests_servicer.py:112 [INFO] User "0x70997970C51812dc3A010C7d01b50e0d17dc79C8" | id: 26910952391930646863619903510418078084715963824080919491551999206875652672367: sending request response
2025-05-16 20:20:38,258 file_requests_servicer.py:112 [INFO] User "0x70997970C51812dc3A010C7d01b50e0d17dc79C8" | id: 68617681401701229177007360572503966394387561185096065957458068281634973587318: sending request response
2025-05-16 20:20:43,268 file_requests_servicer.py:72 [INFO] Found 2 users requesting files
2025-05-16 20:20:43,279 file_requests_servicer.py:81 [INFO] User "0x3C44CdDdB6a900fa2b585dd299e03d12FA4293BC" requested 6 file credential/s
2025-05-16 20:20:48,641 file_requests_servicer.py:112 [INFO] User "0x3C44CdDdB6a900fa2b585dd299e03d12FA4293BC" | id: 27789078359464770587622095168863985846241319225889069049476685419630356164707: sending request response
2025-05-16 20:20:48,641 file_requests_servicer.py:112 [INFO] User "0x3C44CdDdB6a900fa2b585dd299e03d12FA4293BC" | id: 62838368774852681815886925251642921799319761117359029675113220387266505504542: sending request response
2025-05-16 20:20:48,641 file_requests_servicer.py:112 [INFO] User "0x3C44CdDdB6a900fa2b585dd299e03d12FA4293BC" | id: 25423630227922225982462421152534876617273213081078085311230318362556475723696: sending request response
2025-05-16 20:20:48,641 file_requests_servicer.py:112 [INFO] User "0x3C44CdDdB6a900fa2b585dd299e03d12FA4293BC" | id: 56128510604032983331319512597089310200027185617720097555843544394966843442646: sending request response
2025-05-16 20:20:48,642 file_requests_servicer.py:112 [INFO] User "0x3C44CdDdB6a900fa2b585dd299e03d12FA4293BC" | id: 88161721491782686574304951427262405405294300260510181043712500346155018724382: sending request response
2025-05-16 20:20:48,642 file_requests_servicer.py:112 [INFO] User "0x3C44CdDdB6a900fa2b585dd299e03d12FA4293BC" | id: 53370886604438720884163049393906512499201756087321332141372530931473225212633: sending request response
2025-05-16 20:20:48,642 file_requests_servicer.py:81 [INFO] User "0x70997970C51812dc3A010C7d01b50e0d17dc79C8" requested 5 file credential/s
2025-05-16 20:20:53,176 file_requests_servicer.py:112 [INFO] User "0x70997970C51812dc3A010C7d01b50e0d17dc79C8" | id: 105811607658970997103467942991357192003668397060183308086174689064595703750903: sending request response
2025-05-16 20:20:53,176 file_requests_servicer.py:112 [INFO] User "0x70997970C51812dc3A010C7d01b50e0d17dc79C8" | id: 72517292291053777024687962705755898623922219231278404134348701979143333021981: sending request response
2025-05-16 20:20:53,176 file_requests_servicer.py:112 [INFO] User "0x70997970C51812dc3A010C7d01b50e0d17dc79C8" | id: 90626881073204909536494560133499012216320120064749781384726767809354208895080: sending request response
2025-05-16 20:20:53,177 file_requests_servicer.py:112 [INFO] User "0x70997970C51812dc3A010C7d01b50e0d17dc79C8" | id: 64769762375043735640102600462422448849921900386140720922198453210874602719949: sending request response
2025-05-16 20:20:53,177 file_requests_servicer.py:112 [INFO] User "0x70997970C51812dc3A010C7d01b50e0d17dc79C8" | id: 59086482554331365055779335014750568675525071434436066020248275568066716102785: sending request response
2025-05-16 20:23:13,490 file_requests_servicer.py:72 [INFO] Found 2 users requesting files
2025-05-16 20:23:13,497 file_requests_servicer.py:81 [INFO] User "0x70997970C51812dc3A010C7d01b50e0d17dc79C8" requested 4 file credential/s
2025-05-16 20:23:17,032 file_requests_servicer.py:112 [INFO] User "0x70997970C51812dc3A010C7d01b50e0d17dc79C8" | id: 55309444244179821666023574668509158017910797410492762394022626791938003884687: sending request response
2025-05-16 20:23:17,032 file_requests_servicer.py:112 [INFO] User "0x70997970C51812dc3A010C7d01b50e0d17dc79C8" | id: 52876175125441913647474839075917315491197258641570279672560625104812518694486: sending request response
2025-05-16 20:23:17,033 file_requests_servicer.py:112 [INFO] User "0x70997970C51812dc3A010C7d01b50e0d17dc79C8" | id: 20707529991844160352949187468717821388066176624318207827886898058822309191831: sending request response
2025-05-16 20:23:17,033 file_requests_servicer.py:112 [INFO] User "0x70997970C51812dc3A010C7d01b50e0d17dc79C8" | id: 81020152217034667453377783183117015548303927466477481761942422099066829203759: sending request response
2025-05-16 20:23:17,038 file_requests_servicer.py:81 [INFO] User "0x3C44CdDdB6a900fa2b585dd299e03d12FA4293BC" requested 4 file credential/s
2025-05-16 20:23:20,590 file_requests_servicer.py:112 [INFO] User "0x3C44CdDdB6a900fa2b585dd299e03d12FA4293BC" | id: 48459829630729242881875747999875068993436915000463165794436864316622762944022: sending request response
2025-05-16 20:23:20,590 file_requests_servicer.py:112 [INFO] User "0x3C44CdDdB6a900fa2b585dd299e03d12FA4293BC" | id: 85376290839086682206294353908569844082515857970166893707973208562342246821457: sending request response
2025-05-16 20:23:20,590 file_requests_servicer.py:112 [INFO] User "0x3C44CdDdB6a900fa2b585dd299e03d12FA4293BC" | id: 24316646888655164524457735521383367949381819984662611254583210247825416542299: sending request response
2025-05-16 20:23:20,590 file_requests_servicer.py:112 [INFO] User "0x3C44CdDdB6a900fa2b585dd299e03d12FA4293BC" | id: 76898337354088842668412978412126935891702484171526039384033110135336045029866: sending request response
2025-05-16 20:23:25,600 file_requests_servicer.py:72 [INFO] Found 2 users requesting files
2025-05-16 20:23:25,610 file_requests_servicer.py:81 [INFO] User "0x70997970C51812dc3A010C7d01b50e0d17dc79C8" requested 3 file credential/s
2025-05-16 20:23:28,379 file_requests_servicer.py:112 [INFO] User "0x70997970C51812dc3A010C7d01b50e0d17dc79C8" | id: 4624234780194048431584049419357305573108229025130174295905401175294840948168: sending request response
2025-05-16 20:23:28,379 file_requests_servicer.py:112 [INFO] User "0x70997970C51812dc3A010C7d01b50e0d17dc79C8" | id: 26738548731563758080978967151194102930094859553880548276841429793967038213466: sending request response
2025-05-16 20:23:28,379 file_requests_servicer.py:112 [INFO] User "0x70997970C51812dc3A010C7d01b50e0d17dc79C8" | id: 101079523910923685361804831064654155131722292596102214022565446114455525304355: sending request response
2025-05-16 20:23:28,380 file_requests_servicer.py:81 [INFO] User "0x3C44CdDdB6a900fa2b585dd299e03d12FA4293BC" requested 3 file credential/s
2025-05-16 20:23:31,167 file_requests_servicer.py:112 [INFO] User "0x3C44CdDdB6a900fa2b585dd299e03d12FA4293BC" | id: 109416105063195769399426790881461137122086115027392665640365557798734081425838: sending request response
2025-05-16 20:23:31,167 file_requests_servicer.py:112 [INFO] User "0x3C44CdDdB6a900fa2b585dd299e03d12FA4293BC" | id: 37420429977122052959586472738495164188222802841477405302087852557962502737498: sending request response
2025-05-16 20:23:31,167 file_requests_servicer.py:112 [INFO] User "0x3C44CdDdB6a900fa2b585dd299e03d12FA4293BC" | id: 102036696301561501156434896184504447729193337166843243794147541003563895008433: sending request response
2025-05-16 20:25:16,402 file_requests_servicer.py:72 [INFO] Found 2 users requesting files
2025-05-16 20:25:16,412 file_requests_servicer.py:81 [INFO] User "0x70997970C51812dc3A010C7d01b50e0d17dc79C8" requested 5 file credential/s
2025-05-16 20:25:21,165 file_requests_servicer.py:112 [INFO] User "0x70997970C51812dc3A010C7d01b50e0d17dc79C8" | id: 95274809989989605708609327593673137271941279782677811920546401194902448509645: sending request response
2025-05-16 20:25:21,165 file_requests_servicer.py:112 [INFO] User "0x70997970C51812dc3A010C7d01b50e0d17dc79C8" | id: 26323109685045371166923841478038244659473453526660350948490085300693283498218: sending request response
2025-05-16 20:25:21,165 file_requests_servicer.py:112 [INFO] User "0x70997970C51812dc3A010C7d01b50e0d17dc79C8" | id: 77238893983284500514685167607161297764966816622214498357164468264254004322766: sending request response
2025-05-16 20:25:21,165 file_requests_servicer.py:112 [INFO] User "0x70997970C51812dc3A010C7d01b50e0d17dc79C8" | id: 19749136539501846528701739071123499356212095530242206340025049681524998703224: sending request response
2025-05-16 20:25:21,165 file_requests_servicer.py:112 [INFO] User "0x70997970C51812dc3A010C7d01b50e0d17dc79C8" | id: 42160802388184048524422488332219716550282774678904224034082244573342895862080: sending request response
2025-05-16 20:25:21,166 file_requests_servicer.py:81 [INFO] User "0x3C44CdDdB6a900fa2b585dd299e03d12FA4293BC" requested 7 file credential/s
2025-05-16 20:25:27,541 file_requests_servicer.py:112 [INFO] User "0x3C44CdDdB6a900fa2b585dd299e03d12FA4293BC" | id: 108556695800705839396149977277087484401964445161015924526759779412356816594122: sending request response
2025-05-16 20:25:27,542 file_requests_servicer.py:112 [INFO] User "0x3C44CdDdB6a900fa2b585dd299e03d12FA4293BC" | id: 35538050621374926488556110167766359241201371781994924748110059310732845466362: sending request response
2025-05-16 20:25:27,542 file_requests_servicer.py:112 [INFO] User "0x3C44CdDdB6a900fa2b585dd299e03d12FA4293BC" | id: 49685657722433304519867996933659947096970461789637332164690852059399373446013: sending request response
2025-05-16 20:25:27,542 file_requests_servicer.py:112 [INFO] User "0x3C44CdDdB6a900fa2b585dd299e03d12FA4293BC" | id: 1419839241142716043731023313862637620922165168117996857143821200664859007623: sending request response
2025-05-16 20:25:27,542 file_requests_servicer.py:112 [INFO] User "0x3C44CdDdB6a900fa2b585dd299e03d12FA4293BC" | id: 19718688943408162298961050522535436794148419607081651717285847871333102987551: sending request response
2025-05-16 20:25:27,542 file_requests_servicer.py:112 [INFO] User "0x3C44CdDdB6a900fa2b585dd299e03d12FA4293BC" | id: 77294554101332547818087521296101999324277432187777763797785400815784412791898: sending request response
2025-05-16 20:25:27,542 file_requests_servicer.py:112 [INFO] User "0x3C44CdDdB6a900fa2b585dd299e03d12FA4293BC" | id: 97574274046825750812381386230352417883522320790448601491260024309317062338614: sending request response
2025-05-16 20:25:32,553 file_requests_servicer.py:72 [INFO] Found 2 users requesting files
2025-05-16 20:25:32,563 file_requests_servicer.py:81 [INFO] User "0x70997970C51812dc3A010C7d01b50e0d17dc79C8" requested 7 file credential/s
2025-05-16 20:25:39,349 file_requests_servicer.py:112 [INFO] User "0x70997970C51812dc3A010C7d01b50e0d17dc79C8" | id: 40793531047791018751925442287150688974196117707624958566916254346414566681111: sending request response
2025-05-16 20:25:39,349 file_requests_servicer.py:112 [INFO] User "0x70997970C51812dc3A010C7d01b50e0d17dc79C8" | id: 67069275843397317215092541475959687264528701976310358511690316082160996799732: sending request response
2025-05-16 20:25:39,349 file_requests_servicer.py:112 [INFO] User "0x70997970C51812dc3A010C7d01b50e0d17dc79C8" | id: 110584860847273706710376930783136311452407166481026160744388433171936433594229: sending request response
2025-05-16 20:25:39,349 file_requests_servicer.py:112 [INFO] User "0x70997970C51812dc3A010C7d01b50e0d17dc79C8" | id: 65805056928740227795142182337015403332042638348671800850670912856869640786477: sending request response
2025-05-16 20:25:39,349 file_requests_servicer.py:112 [INFO] User "0x70997970C51812dc3A010C7d01b50e0d17dc79C8" | id: 81722058348705692679776675597314289830901434657740346292343324238957239850736: sending request response
2025-05-16 20:25:39,349 file_requests_servicer.py:112 [INFO] User "0x70997970C51812dc3A010C7d01b50e0d17dc79C8" | id: 8900398192930674994640494578631542694548303761438608603951732354361027655541: sending request response
2025-05-16 20:25:39,349 file_requests_servicer.py:112 [INFO] User "0x70997970C51812dc3A010C7d01b50e0d17dc79C8" | id: 103967360637024413737676476823996425108342979483376749746382386332672359132902: sending request response
2025-05-16 20:25:39,350 file_requests_servicer.py:81 [INFO] User "0x3C44CdDdB6a900fa2b585dd299e03d12FA4293BC" requested 7 file credential/s
2025-05-16 20:25:45,936 file_requests_servicer.py:112 [INFO] User "0x3C44CdDdB6a900fa2b585dd299e03d12FA4293BC" | id: 93541051844103520958093695402938757948264562562343611440190678436451369101355: sending request response
2025-05-16 20:25:45,936 file_requests_servicer.py:112 [INFO] User "0x3C44CdDdB6a900fa2b585dd299e03d12FA4293BC" | id: 53464834439924270084102405032553633717651753458468759412230638616694306861191: sending request response
2025-05-16 20:25:45,936 file_requests_servicer.py:112 [INFO] User "0x3C44CdDdB6a900fa2b585dd299e03d12FA4293BC" | id: 18137949372671202293202666699339848462320550453241513924343798487986948562842: sending request response
2025-05-16 20:25:45,936 file_requests_servicer.py:112 [INFO] User "0x3C44CdDdB6a900fa2b585dd299e03d12FA4293BC" | id: 77567455143328656909366179443786260892291801136456674780714260966222773186189: sending request response
2025-05-16 20:25:45,936 file_requests_servicer.py:112 [INFO] User "0x3C44CdDdB6a900fa2b585dd299e03d12FA4293BC" | id: 30090760738903632687092994390334066590246488397840337370386276235441703062023: sending request response
2025-05-16 20:25:45,936 file_requests_servicer.py:112 [INFO] User "0x3C44CdDdB6a900fa2b585dd299e03d12FA4293BC" | id: 62599876353611446956888540998933807492675046791669598285460218928743879256539: sending request response
2025-05-16 20:25:45,936 file_requests_servicer.py:112 [INFO] User "0x3C44CdDdB6a900fa2b585dd299e03d12FA4293BC" | id: 76863226494837027404752649150710704392230190380345086637924694893116700365363: sending request response
2025-05-16 20:29:01,315 file_requests_servicer.py:72 [INFO] Found 2 users requesting files
2025-05-16 20:29:01,324 file_requests_servicer.py:81 [INFO] User "0x3C44CdDdB6a900fa2b585dd299e03d12FA4293BC" requested 3 file credential/s
2025-05-16 20:29:04,123 file_requests_servicer.py:112 [INFO] User "0x3C44CdDdB6a900fa2b585dd299e03d12FA4293BC" | id: 59325708701362450284381630996067852319750427793491703384332571151813015368524: sending request response
2025-05-16 20:29:04,123 file_requests_servicer.py:112 [INFO] User "0x3C44CdDdB6a900fa2b585dd299e03d12FA4293BC" | id: 5582740579694070497135503867701033587505828791569511377238631612249984270314: sending request response
2025-05-16 20:29:04,123 file_requests_servicer.py:112 [INFO] User "0x3C44CdDdB6a900fa2b585dd299e03d12FA4293BC" | id: 35391809575555367715888928377686609823420536725270143094896648051476486339956: sending request response
2025-05-16 20:29:04,124 file_requests_servicer.py:81 [INFO] User "0x70997970C51812dc3A010C7d01b50e0d17dc79C8" requested 5 file credential/s
2025-05-16 20:29:08,807 file_requests_servicer.py:112 [INFO] User "0x70997970C51812dc3A010C7d01b50e0d17dc79C8" | id: 2027794536555163865748685622445425067145406765099693050806461536840856368828: sending request response
2025-05-16 20:29:08,807 file_requests_servicer.py:112 [INFO] User "0x70997970C51812dc3A010C7d01b50e0d17dc79C8" | id: 22494002995506417931051769603926701280598890291177036061547261879703801945523: sending request response
2025-05-16 20:29:08,807 file_requests_servicer.py:112 [INFO] User "0x70997970C51812dc3A010C7d01b50e0d17dc79C8" | id: 95578537304637548236819677393047806248942699084817039798105964643746816661984: sending request response
2025-05-16 20:29:08,807 file_requests_servicer.py:112 [INFO] User "0x70997970C51812dc3A010C7d01b50e0d17dc79C8" | id: 87260086193984503180394932353302065046401940789080750042766729754486308714459: sending request response
2025-05-16 20:29:08,807 file_requests_servicer.py:112 [INFO] User "0x70997970C51812dc3A010C7d01b50e0d17dc79C8" | id: 14345445098328581063009689968135295012361533713052754494219316388172161910970: sending request response
2025-05-16 20:32:08,525 main.py:34 [INFO] SIGINT received, tear down commencing
2025-05-16 20:32:09,092 main.py:71 [INFO] 
==================================================
	DPCN Tearing Down
==================================================


2025-05-16 20:32:09,093 metrics.py:58 [INFO] Saving Metrics Collected
2025-05-16 20:32:09,097 metrics.py:67 [INFO] Metrics Saved
2025-05-16 20:32:09,097 main.py:73 [INFO] 
==================================================
	DPCN Ended
==================================================


